<?xml version="1.0" encoding="UTF-8"?>
<testsuite xmlns:xsi="http://www.w3.org/2001/XMLSchema-instance" xsi:noNamespaceSchemaLocation="https://maven.apache.org/surefire/maven-surefire-plugin/xsd/surefire-test-report.xsd" version="3.0.2" name="prac.example.prac.PracApplicationTests" time="5.934" tests="1" errors="0" skipped="0" failures="0">
  <properties>
[...]
</properties>
  <testcase name="contextLoads" classname="prac.example.prac.PracApplicationTests" time="1.63">
    <system-out><![CDATA[17:15:43.644 [main] INFO org.springframework.test.context.support.AnnotationConfigContextLoaderUtils -- Could not detect default configuration classes for test class [prac.example.prac.PracApplicationTests]: PracApplicationTests does not declare any static, non-private, non-final, nested classes annotated with @Configuration.
17:15:44.030 [main] INFO org.springframework.boot.test.context.SpringBootTestContextBootstrapper -- Found @SpringBootConfiguration prac.example.prac.PracApplication for test class prac.example.prac.PracApplicationTests
17:15:44.448 [main] INFO org.springframework.boot.devtools.restart.RestartApplicationListener -- Restart disabled due to context in which it is running

  .   ____          _            __ _ _
 /\\ / ___'_ __ _ _(_)_ __  __ _ \ \ \ \
( ( )\___ | '_ | '_| | '_ \/ _` | \ \ \ \
 \\/  ___)| |_)| | | | | || (_| |  ) ) ) )
  '  |____| .__|_| |_|_| |_\__, | / / / /
 =========|_|==============|___/=/_/_/_/

 :: Spring Boot ::                (v3.5.2)

2025-08-21T17:15:45.156-07:00  INFO 10880 --- [prac] [           main] prac.example.prac.PracApplicationTests   : Starting PracApplicationTests using Java 17.0.12 with PID 10880 (started by HP in C:\Users\HP\Downloads\prac)
2025-08-21T17:15:45.159-07:00  INFO 10880 --- [prac] [           main] prac.example.prac.PracApplicationTests   : No active profile set, falling back to 1 default profile: "default"
2025-08-21T17:15:46.946-07:00  INFO 10880 --- [prac] [           main] o.s.b.a.w.s.WelcomePageHandlerMapping    : Adding welcome page: class path resource [static/index.html]
2025-08-21T17:15:47.544-07:00  INFO 10880 --- [prac] [           main] prac.example.prac.PracApplicationTests   : Started PracApplicationTests in 3.121 seconds (process running for 5.632)
]]></system-out>
  </testcase>
</testsuite>